<?xml version="1.0" encoding="UTF-8"?>
<testng-results ignored="0" total="3" passed="3" failed="0" skipped="0">
  <reporter-output>
  </reporter-output>
  <suite started-at="2025-03-20T21:21:03 ICT" name="Surefire suite" finished-at="2025-03-20T21:21:51 ICT" duration-ms="47666">
    <groups>
      <group name="cucumber">
        <method signature="AbstractTestNGCucumberTests.runScenario(io.cucumber.testng.PickleWrapper,io.cucumber.testng.FeatureWrapper)[pri:0, instance:runners.TestRunnersTesNG@6ce139a4]" name="runScenario" class="io.cucumber.testng.AbstractTestNGCucumberTests"/>
      </group> <!-- cucumber -->
    </groups>
    <test started-at="2025-03-20T21:21:03 ICT" name="Surefire test" finished-at="2025-03-20T21:21:51 ICT" duration-ms="47666">
      <class name="runners.TestRunnersTesNG">
        <test-method is-config="true" signature="setUpClass(org.testng.ITestContext)[pri:0, instance:runners.TestRunnersTesNG@6ce139a4]" started-at="2025-03-20T21:21:03 ICT" name="setUpClass" finished-at="2025-03-20T21:21:04 ICT" duration-ms="427" status="PASS">
          <params>
            <param index="0">
              <value>
                <![CDATA[org.testng.TestRunner@7426a448]]>
              </value>
            </param>
          </params>
          <reporter-output>
          </reporter-output>
        </test-method> <!-- setUpClass -->
        <test-method signature="runScenario(io.cucumber.testng.PickleWrapper,io.cucumber.testng.FeatureWrapper)[pri:0, instance:runners.TestRunnersTesNG@6ce139a4]" started-at="2025-03-20T21:21:04 ICT" name="runScenario" description="Runs Cucumber Scenarios" data-provider="scenarios" finished-at="2025-03-20T21:21:20 ICT" duration-ms="15998" status="PASS">
          <params>
            <param index="0">
              <value>
                <![CDATA["Checkout two products Saucedemo"]]>
              </value>
            </param>
            <param index="1">
              <value>
                <![CDATA["Purchase a product from saucedemo"]]>
              </value>
            </param>
          </params>
          <reporter-output>
          </reporter-output>
        </test-method> <!-- runScenario -->
        <test-method signature="runScenario(io.cucumber.testng.PickleWrapper,io.cucumber.testng.FeatureWrapper)[pri:0, instance:runners.TestRunnersTesNG@6ce139a4]" started-at="2025-03-20T21:21:20 ICT" name="runScenario" description="Runs Cucumber Scenarios" data-provider="scenarios" finished-at="2025-03-20T21:21:36 ICT" duration-ms="16625" status="PASS">
          <params>
            <param index="0">
              <value>
                <![CDATA["Checkout two products Saucedemo"]]>
              </value>
            </param>
            <param index="1">
              <value>
                <![CDATA["Purchase a product from saucedemo"]]>
              </value>
            </param>
          </params>
          <reporter-output>
          </reporter-output>
        </test-method> <!-- runScenario -->
        <test-method signature="runScenario(io.cucumber.testng.PickleWrapper,io.cucumber.testng.FeatureWrapper)[pri:0, instance:runners.TestRunnersTesNG@6ce139a4]" started-at="2025-03-20T21:21:36 ICT" name="runScenario" description="Runs Cucumber Scenarios" data-provider="scenarios" finished-at="2025-03-20T21:21:51 ICT" duration-ms="14511" status="PASS">
          <params>
            <param index="0">
              <value>
                <![CDATA["Checkout one product Saucedemo"]]>
              </value>
            </param>
            <param index="1">
              <value>
                <![CDATA["Purchase a product from saucedemo"]]>
              </value>
            </param>
          </params>
          <reporter-output>
          </reporter-output>
        </test-method> <!-- runScenario -->
        <test-method is-config="true" signature="tearDownClass()[pri:0, instance:runners.TestRunnersTesNG@6ce139a4]" started-at="2025-03-20T21:21:51 ICT" name="tearDownClass" finished-at="2025-03-20T21:21:51 ICT" duration-ms="68" status="PASS">
          <reporter-output>
          </reporter-output>
        </test-method> <!-- tearDownClass -->
      </class> <!-- runners.TestRunnersTesNG -->
    </test> <!-- Surefire test -->
  </suite> <!-- Surefire suite -->
</testng-results>
